<?xml version="1.0" encoding="UTF-8"?>
<testsuite xmlns:xsi="http://www.w3.org/2001/XMLSchema-instance" xsi:noNamespaceSchemaLocation="https://maven.apache.org/surefire/maven-surefire-plugin/xsd/surefire-test-report.xsd" name="sk.streetofcode.courseplatformbackend.integration.VoteIntegrationTests" time="2.141" tests="3" errors="0" skipped="0" failures="2">
  <properties>
    <property name="sun.desktop" value="windows"/>
    <property name="awt.toolkit" value="sun.awt.windows.WToolkit"/>
    <property name="java.specification.version" value="11"/>
    <property name="sun.cpu.isalist" value="amd64"/>
    <property name="sun.jnu.encoding" value="Cp1252"/>
    <property name="java.class.path" value="C:\Users\delo\Documents\Street of Code\Projects\course-platform\course-platform-backend\target\test-classes;C:\Users\delo\Documents\Street of Code\Projects\course-platform\course-platform-backend\target\classes;C:\Users\delo\.m2\repository\org\springframework\boot\spring-boot-starter-data-jpa\2.4.0\spring-boot-starter-data-jpa-2.4.0.jar;C:\Users\delo\.m2\repository\org\springframework\boot\spring-boot-starter-aop\2.4.0\spring-boot-starter-aop-2.4.0.jar;C:\Users\delo\.m2\repository\org\aspectj\aspectjweaver\1.9.6\aspectjweaver-1.9.6.jar;C:\Users\delo\.m2\repository\org\springframework\boot\spring-boot-starter-jdbc\2.4.0\spring-boot-starter-jdbc-2.4.0.jar;C:\Users\delo\.m2\repository\com\zaxxer\HikariCP\3.4.5\HikariCP-3.4.5.jar;C:\Users\delo\.m2\repository\org\springframework\spring-jdbc\5.3.1\spring-jdbc-5.3.1.jar;C:\Users\delo\.m2\repository\jakarta\transaction\jakarta.transaction-api\1.3.3\jakarta.transaction-api-1.3.3.jar;C:\Users\delo\.m2\repository\jakarta\persistence\jakarta.persistence-api\2.2.3\jakarta.persistence-api-2.2.3.jar;C:\Users\delo\.m2\repository\org\hibernate\hibernate-core\5.4.23.Final\hibernate-core-5.4.23.Final.jar;C:\Users\delo\.m2\repository\org\jboss\logging\jboss-logging\3.4.1.Final\jboss-logging-3.4.1.Final.jar;C:\Users\delo\.m2\repository\org\javassist\javassist\3.24.0-GA\javassist-3.24.0-GA.jar;C:\Users\delo\.m2\repository\antlr\antlr\2.7.7\antlr-2.7.7.jar;C:\Users\delo\.m2\repository\org\jboss\jandex\2.1.3.Final\jandex-2.1.3.Final.jar;C:\Users\delo\.m2\repository\org\dom4j\dom4j\2.1.3\dom4j-2.1.3.jar;C:\Users\delo\.m2\repository\org\hibernate\common\hibernate-commons-annotations\5.1.2.Final\hibernate-commons-annotations-5.1.2.Final.jar;C:\Users\delo\.m2\repository\org\springframework\data\spring-data-jpa\2.4.1\spring-data-jpa-2.4.1.jar;C:\Users\delo\.m2\repository\org\springframework\data\spring-data-commons\2.4.1\spring-data-commons-2.4.1.jar;C:\Users\delo\.m2\repository\org\springframework\spring-orm\5.3.1\spring-orm-5.3.1.jar;C:\Users\delo\.m2\repository\org\springframework\spring-tx\5.3.1\spring-tx-5.3.1.jar;C:\Users\delo\.m2\repository\org\springframework\spring-beans\5.3.1\spring-beans-5.3.1.jar;C:\Users\delo\.m2\repository\org\springframework\spring-aspects\5.3.1\spring-aspects-5.3.1.jar;C:\Users\delo\.m2\repository\org\springframework\boot\spring-boot-starter-web\2.4.0\spring-boot-starter-web-2.4.0.jar;C:\Users\delo\.m2\repository\org\springframework\boot\spring-boot-starter\2.4.0\spring-boot-starter-2.4.0.jar;C:\Users\delo\.m2\repository\org\springframework\boot\spring-boot-starter-logging\2.4.0\spring-boot-starter-logging-2.4.0.jar;C:\Users\delo\.m2\repository\ch\qos\logback\logback-classic\1.2.3\logback-classic-1.2.3.jar;C:\Users\delo\.m2\repository\ch\qos\logback\logback-core\1.2.3\logback-core-1.2.3.jar;C:\Users\delo\.m2\repository\org\apache\logging\log4j\log4j-to-slf4j\2.13.3\log4j-to-slf4j-2.13.3.jar;C:\Users\delo\.m2\repository\org\apache\logging\log4j\log4j-api\2.13.3\log4j-api-2.13.3.jar;C:\Users\delo\.m2\repository\org\slf4j\jul-to-slf4j\1.7.30\jul-to-slf4j-1.7.30.jar;C:\Users\delo\.m2\repository\jakarta\annotation\jakarta.annotation-api\1.3.5\jakarta.annotation-api-1.3.5.jar;C:\Users\delo\.m2\repository\org\yaml\snakeyaml\1.27\snakeyaml-1.27.jar;C:\Users\delo\.m2\repository\org\springframework\boot\spring-boot-starter-json\2.4.0\spring-boot-starter-json-2.4.0.jar;C:\Users\delo\.m2\repository\com\fasterxml\jackson\datatype\jackson-datatype-jdk8\2.11.3\jackson-datatype-jdk8-2.11.3.jar;C:\Users\delo\.m2\repository\com\fasterxml\jackson\datatype\jackson-datatype-jsr310\2.11.3\jackson-datatype-jsr310-2.11.3.jar;C:\Users\delo\.m2\repository\com\fasterxml\jackson\module\jackson-module-parameter-names\2.11.3\jackson-module-parameter-names-2.11.3.jar;C:\Users\delo\.m2\repository\org\springframework\boot\spring-boot-starter-tomcat\2.4.0\spring-boot-starter-tomcat-2.4.0.jar;C:\Users\delo\.m2\repository\org\apache\tomcat\embed\tomcat-embed-core\9.0.39\tomcat-embed-core-9.0.39.jar;C:\Users\delo\.m2\repository\org\glassfish\jakarta.el\3.0.3\jakarta.el-3.0.3.jar;C:\Users\delo\.m2\repository\org\apache\tomcat\embed\tomcat-embed-websocket\9.0.39\tomcat-embed-websocket-9.0.39.jar;C:\Users\delo\.m2\repository\org\springframework\spring-web\5.3.1\spring-web-5.3.1.jar;C:\Users\delo\.m2\repository\org\springframework\spring-webmvc\5.3.1\spring-webmvc-5.3.1.jar;C:\Users\delo\.m2\repository\org\springframework\spring-expression\5.3.1\spring-expression-5.3.1.jar;C:\Users\delo\.m2\repository\org\springframework\boot\spring-boot-starter-security\2.4.0\spring-boot-starter-security-2.4.0.jar;C:\Users\delo\.m2\repository\org\springframework\spring-aop\5.3.1\spring-aop-5.3.1.jar;C:\Users\delo\.m2\repository\org\springframework\security\spring-security-config\5.4.1\spring-security-config-5.4.1.jar;C:\Users\delo\.m2\repository\org\springframework\security\spring-security-web\5.4.1\spring-security-web-5.4.1.jar;C:\Users\delo\.m2\repository\org\springframework\boot\spring-boot-starter-mail\2.4.0\spring-boot-starter-mail-2.4.0.jar;C:\Users\delo\.m2\repository\org\springframework\spring-context-support\5.3.1\spring-context-support-5.3.1.jar;C:\Users\delo\.m2\repository\com\sun\mail\jakarta.mail\1.6.5\jakarta.mail-1.6.5.jar;C:\Users\delo\.m2\repository\com\sun\activation\jakarta.activation\1.2.2\jakarta.activation-1.2.2.jar;C:\Users\delo\.m2\repository\org\springframework\boot\spring-boot-starter-oauth2-resource-server\2.4.0\spring-boot-starter-oauth2-resource-server-2.4.0.jar;C:\Users\delo\.m2\repository\org\springframework\security\spring-security-core\5.4.1\spring-security-core-5.4.1.jar;C:\Users\delo\.m2\repository\org\springframework\security\spring-security-oauth2-resource-server\5.4.1\spring-security-oauth2-resource-server-5.4.1.jar;C:\Users\delo\.m2\repository\org\springframework\security\spring-security-oauth2-core\5.4.1\spring-security-oauth2-core-5.4.1.jar;C:\Users\delo\.m2\repository\org\springframework\security\spring-security-oauth2-jose\5.4.1\spring-security-oauth2-jose-5.4.1.jar;C:\Users\delo\.m2\repository\com\nimbusds\nimbus-jose-jwt\9.1.2\nimbus-jose-jwt-9.1.2.jar;C:\Users\delo\.m2\repository\com\github\stephenc\jcip\jcip-annotations\1.0-1\jcip-annotations-1.0-1.jar;C:\Users\delo\.m2\repository\org\springframework\security\oauth\boot\spring-security-oauth2-autoconfigure\2.4.0\spring-security-oauth2-autoconfigure-2.4.0.jar;C:\Users\delo\.m2\repository\com\fasterxml\jackson\core\jackson-annotations\2.11.3\jackson-annotations-2.11.3.jar;C:\Users\delo\.m2\repository\com\fasterxml\jackson\core\jackson-databind\2.11.3\jackson-databind-2.11.3.jar;C:\Users\delo\.m2\repository\com\fasterxml\jackson\core\jackson-core\2.11.3\jackson-core-2.11.3.jar;C:\Users\delo\.m2\repository\javax\xml\bind\jaxb-api\2.3.1\jaxb-api-2.3.1.jar;C:\Users\delo\.m2\repository\javax\activation\javax.activation-api\1.2.0\javax.activation-api-1.2.0.jar;C:\Users\delo\.m2\repository\org\springframework\boot\spring-boot\2.4.0\spring-boot-2.4.0.jar;C:\Users\delo\.m2\repository\org\springframework\boot\spring-boot-autoconfigure\2.4.0\spring-boot-autoconfigure-2.4.0.jar;C:\Users\delo\.m2\repository\org\springframework\security\oauth\spring-security-oauth2\2.5.0.RELEASE\spring-security-oauth2-2.5.0.RELEASE.jar;C:\Users\delo\.m2\repository\commons-codec\commons-codec\1.15\commons-codec-1.15.jar;C:\Users\delo\.m2\repository\org\springframework\security\spring-security-jwt\1.1.1.RELEASE\spring-security-jwt-1.1.1.RELEASE.jar;C:\Users\delo\.m2\repository\org\bouncycastle\bcpkix-jdk15on\1.64\bcpkix-jdk15on-1.64.jar;C:\Users\delo\.m2\repository\org\bouncycastle\bcprov-jdk15on\1.64\bcprov-jdk15on-1.64.jar;C:\Users\delo\.m2\repository\org\glassfish\jaxb\jaxb-runtime\2.3.3\jaxb-runtime-2.3.3.jar;C:\Users\delo\.m2\repository\org\glassfish\jaxb\txw2\2.3.3\txw2-2.3.3.jar;C:\Users\delo\.m2\repository\com\sun\istack\istack-commons-runtime\3.0.11\istack-commons-runtime-3.0.11.jar;C:\Users\delo\.m2\repository\com\fasterxml\jackson\module\jackson-module-kotlin\2.11.3\jackson-module-kotlin-2.11.3.jar;C:\Users\delo\.m2\repository\org\jetbrains\kotlin\kotlin-reflect\1.6.10\kotlin-reflect-1.6.10.jar;C:\Users\delo\.m2\repository\org\jetbrains\kotlin\kotlin-stdlib\1.6.10\kotlin-stdlib-1.6.10.jar;C:\Users\delo\.m2\repository\org\jetbrains\annotations\13.0\annotations-13.0.jar;C:\Users\delo\.m2\repository\org\jetbrains\kotlin\kotlin-stdlib-jdk8\1.6.10\kotlin-stdlib-jdk8-1.6.10.jar;C:\Users\delo\.m2\repository\org\jetbrains\kotlin\kotlin-stdlib-jdk7\1.6.10\kotlin-stdlib-jdk7-1.6.10.jar;C:\Users\delo\.m2\repository\io\springfox\springfox-boot-starter\3.0.0\springfox-boot-starter-3.0.0.jar;C:\Users\delo\.m2\repository\io\springfox\springfox-oas\3.0.0\springfox-oas-3.0.0.jar;C:\Users\delo\.m2\repository\io\swagger\core\v3\swagger-annotations\2.1.2\swagger-annotations-2.1.2.jar;C:\Users\delo\.m2\repository\io\swagger\core\v3\swagger-models\2.1.2\swagger-models-2.1.2.jar;C:\Users\delo\.m2\repository\io\springfox\springfox-spi\3.0.0\springfox-spi-3.0.0.jar;C:\Users\delo\.m2\repository\io\springfox\springfox-schema\3.0.0\springfox-schema-3.0.0.jar;C:\Users\delo\.m2\repository\io\springfox\springfox-core\3.0.0\springfox-core-3.0.0.jar;C:\Users\delo\.m2\repository\io\springfox\springfox-spring-web\3.0.0\springfox-spring-web-3.0.0.jar;C:\Users\delo\.m2\repository\io\springfox\springfox-spring-webmvc\3.0.0\springfox-spring-webmvc-3.0.0.jar;C:\Users\delo\.m2\repository\io\springfox\springfox-spring-webflux\3.0.0\springfox-spring-webflux-3.0.0.jar;C:\Users\delo\.m2\repository\io\springfox\springfox-swagger-common\3.0.0\springfox-swagger-common-3.0.0.jar;C:\Users\delo\.m2\repository\org\mapstruct\mapstruct\1.3.1.Final\mapstruct-1.3.1.Final.jar;C:\Users\delo\.m2\repository\io\springfox\springfox-data-rest\3.0.0\springfox-data-rest-3.0.0.jar;C:\Users\delo\.m2\repository\io\springfox\springfox-bean-validators\3.0.0\springfox-bean-validators-3.0.0.jar;C:\Users\delo\.m2\repository\io\springfox\springfox-swagger2\3.0.0\springfox-swagger2-3.0.0.jar;C:\Users\delo\.m2\repository\io\swagger\swagger-annotations\1.5.20\swagger-annotations-1.5.20.jar;C:\Users\delo\.m2\repository\io\swagger\swagger-models\1.5.20\swagger-models-1.5.20.jar;C:\Users\delo\.m2\repository\io\springfox\springfox-swagger-ui\3.0.0\springfox-swagger-ui-3.0.0.jar;C:\Users\delo\.m2\repository\com\fasterxml\classmate\1.5.1\classmate-1.5.1.jar;C:\Users\delo\.m2\repository\org\slf4j\slf4j-api\1.7.30\slf4j-api-1.7.30.jar;C:\Users\delo\.m2\repository\org\springframework\plugin\spring-plugin-core\2.0.0.RELEASE\spring-plugin-core-2.0.0.RELEASE.jar;C:\Users\delo\.m2\repository\org\springframework\plugin\spring-plugin-metadata\2.0.0.RELEASE\spring-plugin-metadata-2.0.0.RELEASE.jar;C:\Users\delo\.m2\repository\org\json\json\20200518\json-20200518.jar;C:\Users\delo\.m2\repository\io\sentry\sentry-spring-boot-starter\6.3.0\sentry-spring-boot-starter-6.3.0.jar;C:\Users\delo\.m2\repository\io\sentry\sentry\6.3.0\sentry-6.3.0.jar;C:\Users\delo\.m2\repository\io\sentry\sentry-spring\6.3.0\sentry-spring-6.3.0.jar;C:\Users\delo\.m2\repository\com\h2database\h2\1.4.200\h2-1.4.200.jar;C:\Users\delo\.m2\repository\org\postgresql\postgresql\42.2.18\postgresql-42.2.18.jar;C:\Users\delo\.m2\repository\org\checkerframework\checker-qual\3.5.0\checker-qual-3.5.0.jar;C:\Users\delo\.m2\repository\org\flywaydb\flyway-core\8.0.0\flyway-core-8.0.0.jar;C:\Users\delo\.m2\repository\org\springframework\boot\spring-boot-starter-test\2.4.0\spring-boot-starter-test-2.4.0.jar;C:\Users\delo\.m2\repository\org\springframework\boot\spring-boot-test\2.4.0\spring-boot-test-2.4.0.jar;C:\Users\delo\.m2\repository\org\springframework\boot\spring-boot-test-autoconfigure\2.4.0\spring-boot-test-autoconfigure-2.4.0.jar;C:\Users\delo\.m2\repository\com\jayway\jsonpath\json-path\2.4.0\json-path-2.4.0.jar;C:\Users\delo\.m2\repository\net\minidev\json-smart\2.3\json-smart-2.3.jar;C:\Users\delo\.m2\repository\net\minidev\accessors-smart\1.2\accessors-smart-1.2.jar;C:\Users\delo\.m2\repository\org\ow2\asm\asm\5.0.4\asm-5.0.4.jar;C:\Users\delo\.m2\repository\jakarta\xml\bind\jakarta.xml.bind-api\2.3.3\jakarta.xml.bind-api-2.3.3.jar;C:\Users\delo\.m2\repository\jakarta\activation\jakarta.activation-api\1.2.2\jakarta.activation-api-1.2.2.jar;C:\Users\delo\.m2\repository\org\assertj\assertj-core\3.18.1\assertj-core-3.18.1.jar;C:\Users\delo\.m2\repository\org\hamcrest\hamcrest\2.2\hamcrest-2.2.jar;C:\Users\delo\.m2\repository\org\junit\jupiter\junit-jupiter\5.7.0\junit-jupiter-5.7.0.jar;C:\Users\delo\.m2\repository\org\junit\jupiter\junit-jupiter-params\5.7.0\junit-jupiter-params-5.7.0.jar;C:\Users\delo\.m2\repository\org\junit\jupiter\junit-jupiter-engine\5.7.0\junit-jupiter-engine-5.7.0.jar;C:\Users\delo\.m2\repository\org\mockito\mockito-core\3.6.0\mockito-core-3.6.0.jar;C:\Users\delo\.m2\repository\net\bytebuddy\byte-buddy-agent\1.10.18\byte-buddy-agent-1.10.18.jar;C:\Users\delo\.m2\repository\org\objenesis\objenesis\3.1\objenesis-3.1.jar;C:\Users\delo\.m2\repository\org\mockito\mockito-junit-jupiter\3.6.0\mockito-junit-jupiter-3.6.0.jar;C:\Users\delo\.m2\repository\org\skyscreamer\jsonassert\1.5.0\jsonassert-1.5.0.jar;C:\Users\delo\.m2\repository\org\springframework\spring-core\5.3.1\spring-core-5.3.1.jar;C:\Users\delo\.m2\repository\org\springframework\spring-jcl\5.3.1\spring-jcl-5.3.1.jar;C:\Users\delo\.m2\repository\org\springframework\spring-test\5.3.1\spring-test-5.3.1.jar;C:\Users\delo\.m2\repository\org\xmlunit\xmlunit-core\2.7.0\xmlunit-core-2.7.0.jar;C:\Users\delo\.m2\repository\io\kotest\kotest-runner-junit5-jvm\4.3.0\kotest-runner-junit5-jvm-4.3.0.jar;C:\Users\delo\.m2\repository\io\kotest\kotest-framework-api-jvm\4.3.0\kotest-framework-api-jvm-4.3.0.jar;C:\Users\delo\.m2\repository\io\kotest\kotest-common-jvm\4.3.0\kotest-common-jvm-4.3.0.jar;C:\Users\delo\.m2\repository\io\kotest\kotest-framework-engine-jvm\4.3.0\kotest-framework-engine-jvm-4.3.0.jar;C:\Users\delo\.m2\repository\io\github\classgraph\classgraph\4.8.90\classgraph-4.8.90.jar;C:\Users\delo\.m2\repository\com\github\ajalt\mordant\1.2.1\mordant-1.2.1.jar;C:\Users\delo\.m2\repository\com\github\ajalt\colormath\1.2.0\colormath-1.2.0.jar;C:\Users\delo\.m2\repository\org\opentest4j\opentest4j\1.2.0\opentest4j-1.2.0.jar;C:\Users\delo\.m2\repository\io\kotest\kotest-framework-discovery-jvm\4.3.0\kotest-framework-discovery-jvm-4.3.0.jar;C:\Users\delo\.m2\repository\io\kotest\kotest-extensions-jvm\4.3.0\kotest-extensions-jvm-4.3.0.jar;C:\Users\delo\.m2\repository\commons-io\commons-io\2.6\commons-io-2.6.jar;C:\Users\delo\.m2\repository\io\mockk\mockk\1.9.3\mockk-1.9.3.jar;C:\Users\delo\.m2\repository\io\mockk\mockk-common\1.9.3\mockk-common-1.9.3.jar;C:\Users\delo\.m2\repository\io\mockk\mockk-dsl\1.9.3\mockk-dsl-1.9.3.jar;C:\Users\delo\.m2\repository\io\mockk\mockk-dsl-jvm\1.9.3\mockk-dsl-jvm-1.9.3.jar;C:\Users\delo\.m2\repository\io\mockk\mockk-agent-jvm\1.9.3\mockk-agent-jvm-1.9.3.jar;C:\Users\delo\.m2\repository\io\mockk\mockk-agent-api\1.9.3\mockk-agent-api-1.9.3.jar;C:\Users\delo\.m2\repository\io\mockk\mockk-agent-common\1.9.3\mockk-agent-common-1.9.3.jar;C:\Users\delo\.m2\repository\org\jetbrains\kotlinx\kotlinx-coroutines-core-jvm\1.4.1\kotlinx-coroutines-core-jvm-1.4.1.jar;C:\Users\delo\.m2\repository\org\junit\platform\junit-platform-engine\1.7.0\junit-platform-engine-1.7.0.jar;C:\Users\delo\.m2\repository\org\apiguardian\apiguardian-api\1.1.0\apiguardian-api-1.1.0.jar;C:\Users\delo\.m2\repository\org\junit\platform\junit-platform-commons\1.7.0\junit-platform-commons-1.7.0.jar;C:\Users\delo\.m2\repository\org\junit\platform\junit-platform-suite-api\1.7.0\junit-platform-suite-api-1.7.0.jar;C:\Users\delo\.m2\repository\org\junit\platform\junit-platform-launcher\1.7.0\junit-platform-launcher-1.7.0.jar;C:\Users\delo\.m2\repository\org\junit\jupiter\junit-jupiter-api\5.7.0\junit-jupiter-api-5.7.0.jar;C:\Users\delo\.m2\repository\io\kotest\kotest-assertions-core-jvm\4.3.0\kotest-assertions-core-jvm-4.3.0.jar;C:\Users\delo\.m2\repository\io\kotest\kotest-assertions-shared-jvm\4.3.0\kotest-assertions-shared-jvm-4.3.0.jar;C:\Users\delo\.m2\repository\org\jetbrains\kotlin\kotlin-stdlib-common\1.6.10\kotlin-stdlib-common-1.6.10.jar;C:\Users\delo\.m2\repository\org\jetbrains\kotlinx\kotlinx-coroutines-jdk8\1.4.1\kotlinx-coroutines-jdk8-1.4.1.jar;C:\Users\delo\.m2\repository\org\jetbrains\kotlinx\kotlinx-coroutines-core\1.4.1\kotlinx-coroutines-core-1.4.1.jar;C:\Users\delo\.m2\repository\io\kotest\kotest-assertions-api-jvm\4.3.0\kotest-assertions-api-jvm-4.3.0.jar;C:\Users\delo\.m2\repository\io\kotest\kotest-property-jvm\4.3.0\kotest-property-jvm-4.3.0.jar;C:\Users\delo\.m2\repository\io\github\java-diff-utils\java-diff-utils\4.5\java-diff-utils-4.5.jar;C:\Users\delo\.m2\repository\com\github\mifmif\generex\1.0.2\generex-1.0.2.jar;C:\Users\delo\.m2\repository\dk\brics\automaton\automaton\1.11-8\automaton-1.11-8.jar;C:\Users\delo\.m2\repository\io\kotest\kotest-extensions-spring-jvm\4.3.0\kotest-extensions-spring-jvm-4.3.0.jar;C:\Users\delo\.m2\repository\org\springframework\spring-context\5.3.1\spring-context-5.3.1.jar;C:\Users\delo\.m2\repository\net\bytebuddy\byte-buddy\1.10.18\byte-buddy-1.10.18.jar;"/>
    <property name="java.vm.vendor" value="Oracle Corporation"/>
    <property name="sun.arch.data.model" value="64"/>
    <property name="user.variant" value=""/>
    <property name="java.vendor.url" value="http://java.oracle.com/"/>
    <property name="user.timezone" value="Europe/Paris"/>
    <property name="java.vm.specification.version" value="11"/>
    <property name="os.name" value="Windows 10"/>
    <property name="sun.java.launcher" value="SUN_STANDARD"/>
    <property name="user.country" value="US"/>
    <property name="sun.boot.library.path" value="C:\Program Files\Java\jdk-11\bin"/>
    <property name="sun.java.command" value="C:\Users\delo\AppData\Local\Temp\surefire2800321914168813807\surefirebooter38321904064987192.jar C:\Users\delo\AppData\Local\Temp\surefire2800321914168813807 2022-08-07T14-52-02_017-jvmRun1 surefire8161175537851247568tmp surefire_05183919792525340651tmp"/>
    <property name="jdk.debug" value="release"/>
    <property name="surefire.test.class.path" value="C:\Users\delo\Documents\Street of Code\Projects\course-platform\course-platform-backend\target\test-classes;C:\Users\delo\Documents\Street of Code\Projects\course-platform\course-platform-backend\target\classes;C:\Users\delo\.m2\repository\org\springframework\boot\spring-boot-starter-data-jpa\2.4.0\spring-boot-starter-data-jpa-2.4.0.jar;C:\Users\delo\.m2\repository\org\springframework\boot\spring-boot-starter-aop\2.4.0\spring-boot-starter-aop-2.4.0.jar;C:\Users\delo\.m2\repository\org\aspectj\aspectjweaver\1.9.6\aspectjweaver-1.9.6.jar;C:\Users\delo\.m2\repository\org\springframework\boot\spring-boot-starter-jdbc\2.4.0\spring-boot-starter-jdbc-2.4.0.jar;C:\Users\delo\.m2\repository\com\zaxxer\HikariCP\3.4.5\HikariCP-3.4.5.jar;C:\Users\delo\.m2\repository\org\springframework\spring-jdbc\5.3.1\spring-jdbc-5.3.1.jar;C:\Users\delo\.m2\repository\jakarta\transaction\jakarta.transaction-api\1.3.3\jakarta.transaction-api-1.3.3.jar;C:\Users\delo\.m2\repository\jakarta\persistence\jakarta.persistence-api\2.2.3\jakarta.persistence-api-2.2.3.jar;C:\Users\delo\.m2\repository\org\hibernate\hibernate-core\5.4.23.Final\hibernate-core-5.4.23.Final.jar;C:\Users\delo\.m2\repository\org\jboss\logging\jboss-logging\3.4.1.Final\jboss-logging-3.4.1.Final.jar;C:\Users\delo\.m2\repository\org\javassist\javassist\3.24.0-GA\javassist-3.24.0-GA.jar;C:\Users\delo\.m2\repository\antlr\antlr\2.7.7\antlr-2.7.7.jar;C:\Users\delo\.m2\repository\org\jboss\jandex\2.1.3.Final\jandex-2.1.3.Final.jar;C:\Users\delo\.m2\repository\org\dom4j\dom4j\2.1.3\dom4j-2.1.3.jar;C:\Users\delo\.m2\repository\org\hibernate\common\hibernate-commons-annotations\5.1.2.Final\hibernate-commons-annotations-5.1.2.Final.jar;C:\Users\delo\.m2\repository\org\springframework\data\spring-data-jpa\2.4.1\spring-data-jpa-2.4.1.jar;C:\Users\delo\.m2\repository\org\springframework\data\spring-data-commons\2.4.1\spring-data-commons-2.4.1.jar;C:\Users\delo\.m2\repository\org\springframework\spring-orm\5.3.1\spring-orm-5.3.1.jar;C:\Users\delo\.m2\repository\org\springframework\spring-tx\5.3.1\spring-tx-5.3.1.jar;C:\Users\delo\.m2\repository\org\springframework\spring-beans\5.3.1\spring-beans-5.3.1.jar;C:\Users\delo\.m2\repository\org\springframework\spring-aspects\5.3.1\spring-aspects-5.3.1.jar;C:\Users\delo\.m2\repository\org\springframework\boot\spring-boot-starter-web\2.4.0\spring-boot-starter-web-2.4.0.jar;C:\Users\delo\.m2\repository\org\springframework\boot\spring-boot-starter\2.4.0\spring-boot-starter-2.4.0.jar;C:\Users\delo\.m2\repository\org\springframework\boot\spring-boot-starter-logging\2.4.0\spring-boot-starter-logging-2.4.0.jar;C:\Users\delo\.m2\repository\ch\qos\logback\logback-classic\1.2.3\logback-classic-1.2.3.jar;C:\Users\delo\.m2\repository\ch\qos\logback\logback-core\1.2.3\logback-core-1.2.3.jar;C:\Users\delo\.m2\repository\org\apache\logging\log4j\log4j-to-slf4j\2.13.3\log4j-to-slf4j-2.13.3.jar;C:\Users\delo\.m2\repository\org\apache\logging\log4j\log4j-api\2.13.3\log4j-api-2.13.3.jar;C:\Users\delo\.m2\repository\org\slf4j\jul-to-slf4j\1.7.30\jul-to-slf4j-1.7.30.jar;C:\Users\delo\.m2\repository\jakarta\annotation\jakarta.annotation-api\1.3.5\jakarta.annotation-api-1.3.5.jar;C:\Users\delo\.m2\repository\org\yaml\snakeyaml\1.27\snakeyaml-1.27.jar;C:\Users\delo\.m2\repository\org\springframework\boot\spring-boot-starter-json\2.4.0\spring-boot-starter-json-2.4.0.jar;C:\Users\delo\.m2\repository\com\fasterxml\jackson\datatype\jackson-datatype-jdk8\2.11.3\jackson-datatype-jdk8-2.11.3.jar;C:\Users\delo\.m2\repository\com\fasterxml\jackson\datatype\jackson-datatype-jsr310\2.11.3\jackson-datatype-jsr310-2.11.3.jar;C:\Users\delo\.m2\repository\com\fasterxml\jackson\module\jackson-module-parameter-names\2.11.3\jackson-module-parameter-names-2.11.3.jar;C:\Users\delo\.m2\repository\org\springframework\boot\spring-boot-starter-tomcat\2.4.0\spring-boot-starter-tomcat-2.4.0.jar;C:\Users\delo\.m2\repository\org\apache\tomcat\embed\tomcat-embed-core\9.0.39\tomcat-embed-core-9.0.39.jar;C:\Users\delo\.m2\repository\org\glassfish\jakarta.el\3.0.3\jakarta.el-3.0.3.jar;C:\Users\delo\.m2\repository\org\apache\tomcat\embed\tomcat-embed-websocket\9.0.39\tomcat-embed-websocket-9.0.39.jar;C:\Users\delo\.m2\repository\org\springframework\spring-web\5.3.1\spring-web-5.3.1.jar;C:\Users\delo\.m2\repository\org\springframework\spring-webmvc\5.3.1\spring-webmvc-5.3.1.jar;C:\Users\delo\.m2\repository\org\springframework\spring-expression\5.3.1\spring-expression-5.3.1.jar;C:\Users\delo\.m2\repository\org\springframework\boot\spring-boot-starter-security\2.4.0\spring-boot-starter-security-2.4.0.jar;C:\Users\delo\.m2\repository\org\springframework\spring-aop\5.3.1\spring-aop-5.3.1.jar;C:\Users\delo\.m2\repository\org\springframework\security\spring-security-config\5.4.1\spring-security-config-5.4.1.jar;C:\Users\delo\.m2\repository\org\springframework\security\spring-security-web\5.4.1\spring-security-web-5.4.1.jar;C:\Users\delo\.m2\repository\org\springframework\boot\spring-boot-starter-mail\2.4.0\spring-boot-starter-mail-2.4.0.jar;C:\Users\delo\.m2\repository\org\springframework\spring-context-support\5.3.1\spring-context-support-5.3.1.jar;C:\Users\delo\.m2\repository\com\sun\mail\jakarta.mail\1.6.5\jakarta.mail-1.6.5.jar;C:\Users\delo\.m2\repository\com\sun\activation\jakarta.activation\1.2.2\jakarta.activation-1.2.2.jar;C:\Users\delo\.m2\repository\org\springframework\boot\spring-boot-starter-oauth2-resource-server\2.4.0\spring-boot-starter-oauth2-resource-server-2.4.0.jar;C:\Users\delo\.m2\repository\org\springframework\security\spring-security-core\5.4.1\spring-security-core-5.4.1.jar;C:\Users\delo\.m2\repository\org\springframework\security\spring-security-oauth2-resource-server\5.4.1\spring-security-oauth2-resource-server-5.4.1.jar;C:\Users\delo\.m2\repository\org\springframework\security\spring-security-oauth2-core\5.4.1\spring-security-oauth2-core-5.4.1.jar;C:\Users\delo\.m2\repository\org\springframework\security\spring-security-oauth2-jose\5.4.1\spring-security-oauth2-jose-5.4.1.jar;C:\Users\delo\.m2\repository\com\nimbusds\nimbus-jose-jwt\9.1.2\nimbus-jose-jwt-9.1.2.jar;C:\Users\delo\.m2\repository\com\github\stephenc\jcip\jcip-annotations\1.0-1\jcip-annotations-1.0-1.jar;C:\Users\delo\.m2\repository\org\springframework\security\oauth\boot\spring-security-oauth2-autoconfigure\2.4.0\spring-security-oauth2-autoconfigure-2.4.0.jar;C:\Users\delo\.m2\repository\com\fasterxml\jackson\core\jackson-annotations\2.11.3\jackson-annotations-2.11.3.jar;C:\Users\delo\.m2\repository\com\fasterxml\jackson\core\jackson-databind\2.11.3\jackson-databind-2.11.3.jar;C:\Users\delo\.m2\repository\com\fasterxml\jackson\core\jackson-core\2.11.3\jackson-core-2.11.3.jar;C:\Users\delo\.m2\repository\javax\xml\bind\jaxb-api\2.3.1\jaxb-api-2.3.1.jar;C:\Users\delo\.m2\repository\javax\activation\javax.activation-api\1.2.0\javax.activation-api-1.2.0.jar;C:\Users\delo\.m2\repository\org\springframework\boot\spring-boot\2.4.0\spring-boot-2.4.0.jar;C:\Users\delo\.m2\repository\org\springframework\boot\spring-boot-autoconfigure\2.4.0\spring-boot-autoconfigure-2.4.0.jar;C:\Users\delo\.m2\repository\org\springframework\security\oauth\spring-security-oauth2\2.5.0.RELEASE\spring-security-oauth2-2.5.0.RELEASE.jar;C:\Users\delo\.m2\repository\commons-codec\commons-codec\1.15\commons-codec-1.15.jar;C:\Users\delo\.m2\repository\org\springframework\security\spring-security-jwt\1.1.1.RELEASE\spring-security-jwt-1.1.1.RELEASE.jar;C:\Users\delo\.m2\repository\org\bouncycastle\bcpkix-jdk15on\1.64\bcpkix-jdk15on-1.64.jar;C:\Users\delo\.m2\repository\org\bouncycastle\bcprov-jdk15on\1.64\bcprov-jdk15on-1.64.jar;C:\Users\delo\.m2\repository\org\glassfish\jaxb\jaxb-runtime\2.3.3\jaxb-runtime-2.3.3.jar;C:\Users\delo\.m2\repository\org\glassfish\jaxb\txw2\2.3.3\txw2-2.3.3.jar;C:\Users\delo\.m2\repository\com\sun\istack\istack-commons-runtime\3.0.11\istack-commons-runtime-3.0.11.jar;C:\Users\delo\.m2\repository\com\fasterxml\jackson\module\jackson-module-kotlin\2.11.3\jackson-module-kotlin-2.11.3.jar;C:\Users\delo\.m2\repository\org\jetbrains\kotlin\kotlin-reflect\1.6.10\kotlin-reflect-1.6.10.jar;C:\Users\delo\.m2\repository\org\jetbrains\kotlin\kotlin-stdlib\1.6.10\kotlin-stdlib-1.6.10.jar;C:\Users\delo\.m2\repository\org\jetbrains\annotations\13.0\annotations-13.0.jar;C:\Users\delo\.m2\repository\org\jetbrains\kotlin\kotlin-stdlib-jdk8\1.6.10\kotlin-stdlib-jdk8-1.6.10.jar;C:\Users\delo\.m2\repository\org\jetbrains\kotlin\kotlin-stdlib-jdk7\1.6.10\kotlin-stdlib-jdk7-1.6.10.jar;C:\Users\delo\.m2\repository\io\springfox\springfox-boot-starter\3.0.0\springfox-boot-starter-3.0.0.jar;C:\Users\delo\.m2\repository\io\springfox\springfox-oas\3.0.0\springfox-oas-3.0.0.jar;C:\Users\delo\.m2\repository\io\swagger\core\v3\swagger-annotations\2.1.2\swagger-annotations-2.1.2.jar;C:\Users\delo\.m2\repository\io\swagger\core\v3\swagger-models\2.1.2\swagger-models-2.1.2.jar;C:\Users\delo\.m2\repository\io\springfox\springfox-spi\3.0.0\springfox-spi-3.0.0.jar;C:\Users\delo\.m2\repository\io\springfox\springfox-schema\3.0.0\springfox-schema-3.0.0.jar;C:\Users\delo\.m2\repository\io\springfox\springfox-core\3.0.0\springfox-core-3.0.0.jar;C:\Users\delo\.m2\repository\io\springfox\springfox-spring-web\3.0.0\springfox-spring-web-3.0.0.jar;C:\Users\delo\.m2\repository\io\springfox\springfox-spring-webmvc\3.0.0\springfox-spring-webmvc-3.0.0.jar;C:\Users\delo\.m2\repository\io\springfox\springfox-spring-webflux\3.0.0\springfox-spring-webflux-3.0.0.jar;C:\Users\delo\.m2\repository\io\springfox\springfox-swagger-common\3.0.0\springfox-swagger-common-3.0.0.jar;C:\Users\delo\.m2\repository\org\mapstruct\mapstruct\1.3.1.Final\mapstruct-1.3.1.Final.jar;C:\Users\delo\.m2\repository\io\springfox\springfox-data-rest\3.0.0\springfox-data-rest-3.0.0.jar;C:\Users\delo\.m2\repository\io\springfox\springfox-bean-validators\3.0.0\springfox-bean-validators-3.0.0.jar;C:\Users\delo\.m2\repository\io\springfox\springfox-swagger2\3.0.0\springfox-swagger2-3.0.0.jar;C:\Users\delo\.m2\repository\io\swagger\swagger-annotations\1.5.20\swagger-annotations-1.5.20.jar;C:\Users\delo\.m2\repository\io\swagger\swagger-models\1.5.20\swagger-models-1.5.20.jar;C:\Users\delo\.m2\repository\io\springfox\springfox-swagger-ui\3.0.0\springfox-swagger-ui-3.0.0.jar;C:\Users\delo\.m2\repository\com\fasterxml\classmate\1.5.1\classmate-1.5.1.jar;C:\Users\delo\.m2\repository\org\slf4j\slf4j-api\1.7.30\slf4j-api-1.7.30.jar;C:\Users\delo\.m2\repository\org\springframework\plugin\spring-plugin-core\2.0.0.RELEASE\spring-plugin-core-2.0.0.RELEASE.jar;C:\Users\delo\.m2\repository\org\springframework\plugin\spring-plugin-metadata\2.0.0.RELEASE\spring-plugin-metadata-2.0.0.RELEASE.jar;C:\Users\delo\.m2\repository\org\json\json\20200518\json-20200518.jar;C:\Users\delo\.m2\repository\io\sentry\sentry-spring-boot-starter\6.3.0\sentry-spring-boot-starter-6.3.0.jar;C:\Users\delo\.m2\repository\io\sentry\sentry\6.3.0\sentry-6.3.0.jar;C:\Users\delo\.m2\repository\io\sentry\sentry-spring\6.3.0\sentry-spring-6.3.0.jar;C:\Users\delo\.m2\repository\com\h2database\h2\1.4.200\h2-1.4.200.jar;C:\Users\delo\.m2\repository\org\postgresql\postgresql\42.2.18\postgresql-42.2.18.jar;C:\Users\delo\.m2\repository\org\checkerframework\checker-qual\3.5.0\checker-qual-3.5.0.jar;C:\Users\delo\.m2\repository\org\flywaydb\flyway-core\8.0.0\flyway-core-8.0.0.jar;C:\Users\delo\.m2\repository\org\springframework\boot\spring-boot-starter-test\2.4.0\spring-boot-starter-test-2.4.0.jar;C:\Users\delo\.m2\repository\org\springframework\boot\spring-boot-test\2.4.0\spring-boot-test-2.4.0.jar;C:\Users\delo\.m2\repository\org\springframework\boot\spring-boot-test-autoconfigure\2.4.0\spring-boot-test-autoconfigure-2.4.0.jar;C:\Users\delo\.m2\repository\com\jayway\jsonpath\json-path\2.4.0\json-path-2.4.0.jar;C:\Users\delo\.m2\repository\net\minidev\json-smart\2.3\json-smart-2.3.jar;C:\Users\delo\.m2\repository\net\minidev\accessors-smart\1.2\accessors-smart-1.2.jar;C:\Users\delo\.m2\repository\org\ow2\asm\asm\5.0.4\asm-5.0.4.jar;C:\Users\delo\.m2\repository\jakarta\xml\bind\jakarta.xml.bind-api\2.3.3\jakarta.xml.bind-api-2.3.3.jar;C:\Users\delo\.m2\repository\jakarta\activation\jakarta.activation-api\1.2.2\jakarta.activation-api-1.2.2.jar;C:\Users\delo\.m2\repository\org\assertj\assertj-core\3.18.1\assertj-core-3.18.1.jar;C:\Users\delo\.m2\repository\org\hamcrest\hamcrest\2.2\hamcrest-2.2.jar;C:\Users\delo\.m2\repository\org\junit\jupiter\junit-jupiter\5.7.0\junit-jupiter-5.7.0.jar;C:\Users\delo\.m2\repository\org\junit\jupiter\junit-jupiter-params\5.7.0\junit-jupiter-params-5.7.0.jar;C:\Users\delo\.m2\repository\org\junit\jupiter\junit-jupiter-engine\5.7.0\junit-jupiter-engine-5.7.0.jar;C:\Users\delo\.m2\repository\org\mockito\mockito-core\3.6.0\mockito-core-3.6.0.jar;C:\Users\delo\.m2\repository\net\bytebuddy\byte-buddy-agent\1.10.18\byte-buddy-agent-1.10.18.jar;C:\Users\delo\.m2\repository\org\objenesis\objenesis\3.1\objenesis-3.1.jar;C:\Users\delo\.m2\repository\org\mockito\mockito-junit-jupiter\3.6.0\mockito-junit-jupiter-3.6.0.jar;C:\Users\delo\.m2\repository\org\skyscreamer\jsonassert\1.5.0\jsonassert-1.5.0.jar;C:\Users\delo\.m2\repository\org\springframework\spring-core\5.3.1\spring-core-5.3.1.jar;C:\Users\delo\.m2\repository\org\springframework\spring-jcl\5.3.1\spring-jcl-5.3.1.jar;C:\Users\delo\.m2\repository\org\springframework\spring-test\5.3.1\spring-test-5.3.1.jar;C:\Users\delo\.m2\repository\org\xmlunit\xmlunit-core\2.7.0\xmlunit-core-2.7.0.jar;C:\Users\delo\.m2\repository\io\kotest\kotest-runner-junit5-jvm\4.3.0\kotest-runner-junit5-jvm-4.3.0.jar;C:\Users\delo\.m2\repository\io\kotest\kotest-framework-api-jvm\4.3.0\kotest-framework-api-jvm-4.3.0.jar;C:\Users\delo\.m2\repository\io\kotest\kotest-common-jvm\4.3.0\kotest-common-jvm-4.3.0.jar;C:\Users\delo\.m2\repository\io\kotest\kotest-framework-engine-jvm\4.3.0\kotest-framework-engine-jvm-4.3.0.jar;C:\Users\delo\.m2\repository\io\github\classgraph\classgraph\4.8.90\classgraph-4.8.90.jar;C:\Users\delo\.m2\repository\com\github\ajalt\mordant\1.2.1\mordant-1.2.1.jar;C:\Users\delo\.m2\repository\com\github\ajalt\colormath\1.2.0\colormath-1.2.0.jar;C:\Users\delo\.m2\repository\org\opentest4j\opentest4j\1.2.0\opentest4j-1.2.0.jar;C:\Users\delo\.m2\repository\io\kotest\kotest-framework-discovery-jvm\4.3.0\kotest-framework-discovery-jvm-4.3.0.jar;C:\Users\delo\.m2\repository\io\kotest\kotest-extensions-jvm\4.3.0\kotest-extensions-jvm-4.3.0.jar;C:\Users\delo\.m2\repository\commons-io\commons-io\2.6\commons-io-2.6.jar;C:\Users\delo\.m2\repository\io\mockk\mockk\1.9.3\mockk-1.9.3.jar;C:\Users\delo\.m2\repository\io\mockk\mockk-common\1.9.3\mockk-common-1.9.3.jar;C:\Users\delo\.m2\repository\io\mockk\mockk-dsl\1.9.3\mockk-dsl-1.9.3.jar;C:\Users\delo\.m2\repository\io\mockk\mockk-dsl-jvm\1.9.3\mockk-dsl-jvm-1.9.3.jar;C:\Users\delo\.m2\repository\io\mockk\mockk-agent-jvm\1.9.3\mockk-agent-jvm-1.9.3.jar;C:\Users\delo\.m2\repository\io\mockk\mockk-agent-api\1.9.3\mockk-agent-api-1.9.3.jar;C:\Users\delo\.m2\repository\io\mockk\mockk-agent-common\1.9.3\mockk-agent-common-1.9.3.jar;C:\Users\delo\.m2\repository\org\jetbrains\kotlinx\kotlinx-coroutines-core-jvm\1.4.1\kotlinx-coroutines-core-jvm-1.4.1.jar;C:\Users\delo\.m2\repository\org\junit\platform\junit-platform-engine\1.7.0\junit-platform-engine-1.7.0.jar;C:\Users\delo\.m2\repository\org\apiguardian\apiguardian-api\1.1.0\apiguardian-api-1.1.0.jar;C:\Users\delo\.m2\repository\org\junit\platform\junit-platform-commons\1.7.0\junit-platform-commons-1.7.0.jar;C:\Users\delo\.m2\repository\org\junit\platform\junit-platform-suite-api\1.7.0\junit-platform-suite-api-1.7.0.jar;C:\Users\delo\.m2\repository\org\junit\platform\junit-platform-launcher\1.7.0\junit-platform-launcher-1.7.0.jar;C:\Users\delo\.m2\repository\org\junit\jupiter\junit-jupiter-api\5.7.0\junit-jupiter-api-5.7.0.jar;C:\Users\delo\.m2\repository\io\kotest\kotest-assertions-core-jvm\4.3.0\kotest-assertions-core-jvm-4.3.0.jar;C:\Users\delo\.m2\repository\io\kotest\kotest-assertions-shared-jvm\4.3.0\kotest-assertions-shared-jvm-4.3.0.jar;C:\Users\delo\.m2\repository\org\jetbrains\kotlin\kotlin-stdlib-common\1.6.10\kotlin-stdlib-common-1.6.10.jar;C:\Users\delo\.m2\repository\org\jetbrains\kotlinx\kotlinx-coroutines-jdk8\1.4.1\kotlinx-coroutines-jdk8-1.4.1.jar;C:\Users\delo\.m2\repository\org\jetbrains\kotlinx\kotlinx-coroutines-core\1.4.1\kotlinx-coroutines-core-1.4.1.jar;C:\Users\delo\.m2\repository\io\kotest\kotest-assertions-api-jvm\4.3.0\kotest-assertions-api-jvm-4.3.0.jar;C:\Users\delo\.m2\repository\io\kotest\kotest-property-jvm\4.3.0\kotest-property-jvm-4.3.0.jar;C:\Users\delo\.m2\repository\io\github\java-diff-utils\java-diff-utils\4.5\java-diff-utils-4.5.jar;C:\Users\delo\.m2\repository\com\github\mifmif\generex\1.0.2\generex-1.0.2.jar;C:\Users\delo\.m2\repository\dk\brics\automaton\automaton\1.11-8\automaton-1.11-8.jar;C:\Users\delo\.m2\repository\io\kotest\kotest-extensions-spring-jvm\4.3.0\kotest-extensions-spring-jvm-4.3.0.jar;C:\Users\delo\.m2\repository\org\springframework\spring-context\5.3.1\spring-context-5.3.1.jar;C:\Users\delo\.m2\repository\net\bytebuddy\byte-buddy\1.10.18\byte-buddy-1.10.18.jar;"/>
    <property name="sun.cpu.endian" value="little"/>
    <property name="user.home" value="C:\Users\delo"/>
    <property name="user.language" value="en"/>
    <property name="java.specification.vendor" value="Oracle Corporation"/>
    <property name="java.version.date" value="2018-09-25"/>
    <property name="java.home" value="C:\Program Files\Java\jdk-11"/>
    <property name="file.separator" value="\"/>
    <property name="basedir" value="C:\Users\delo\Documents\Street of Code\Projects\course-platform\course-platform-backend"/>
    <property name="java.vm.compressedOopsMode" value="Zero based"/>
    <property name="line.separator" value="&#10;"/>
    <property name="java.specification.name" value="Java Platform API Specification"/>
    <property name="java.vm.specification.vendor" value="Oracle Corporation"/>
    <property name="java.awt.graphicsenv" value="sun.awt.Win32GraphicsEnvironment"/>
    <property name="surefire.real.class.path" value="C:\Users\delo\AppData\Local\Temp\surefire2800321914168813807\surefirebooter38321904064987192.jar"/>
    <property name="user.script" value=""/>
    <property name="sun.management.compiler" value="HotSpot 64-Bit Tiered Compilers"/>
    <property name="java.runtime.version" value="11+28"/>
    <property name="user.name" value="delo"/>
    <property name="path.separator" value=";"/>
    <property name="os.version" value="10.0"/>
    <property name="java.runtime.name" value="OpenJDK Runtime Environment"/>
    <property name="file.encoding" value="Cp1252"/>
    <property name="java.vm.name" value="OpenJDK 64-Bit Server VM"/>
    <property name="java.vendor.version" value="18.9"/>
    <property name="localRepository" value="C:\Users\delo\.m2\repository"/>
    <property name="java.vendor.url.bug" value="http://bugreport.java.com/bugreport/"/>
    <property name="java.io.tmpdir" value="C:\Users\delo\AppData\Local\Temp\"/>
    <property name="idea.version" value="2022.1"/>
    <property name="java.version" value="11"/>
    <property name="user.dir" value="C:\Users\delo\Documents\Street of Code\Projects\course-platform\course-platform-backend"/>
    <property name="os.arch" value="amd64"/>
    <property name="java.vm.specification.name" value="Java Virtual Machine Specification"/>
    <property name="java.awt.printerjob" value="sun.awt.windows.WPrinterJob"/>
    <property name="sun.os.patch.level" value=""/>
    <property name="java.library.path" value="C:\Program Files\Java\jdk-11\bin;C:\WINDOWS\Sun\Java\bin;C:\WINDOWS\system32;C:\WINDOWS;C:\WINDOWS\system32;C:\WINDOWS;C:\WINDOWS\System32\Wbem;C:\WINDOWS\System32\WindowsPowerShell\v1.0\;C:\WINDOWS\System32\OpenSSH\;C:\Program Files\Git\cmd;C:\Program Files\Java\jdk-11\bin;C:\Program Files\nodejs\;C:\Program Files\dotnet\;C:\Program Files (x86)\EAC MW klient\;C:\Users\delo\AppData\Local\Programs\Python\Python39\Scripts\;C:\Users\delo\AppData\Local\Programs\Python\Python39\;C:\Users\delo\AppData\Local\Microsoft\WindowsApps;C:\Users\delo\AppData\Local\Programs\Microsoft VS Code\bin;C:\flutter\bin;C:\Users\delo\AppData\Roaming\npm;C:\Program Files\heroku\bin;;C:\Users\delo\AppData\Local\JetBrains\Toolbox\scripts;."/>
    <property name="java.vendor" value="Oracle Corporation"/>
    <property name="java.vm.info" value="mixed mode"/>
    <property name="java.vm.version" value="11+28"/>
    <property name="sun.io.unicode.encoding" value="UnicodeLittle"/>
    <property name="java.class.version" value="55.0"/>
  </properties>
  <testcase name="get next course options - not authenticated - OK" classname="sk.streetofcode.courseplatformbackend.integration.VoteIntegrationTests" time="0.023">
    <failure message="expected:&lt;7&gt; but was:&lt;14&gt;" type="org.opentest4j.AssertionFailedError"><![CDATA[org.opentest4j.AssertionFailedError: expected:<7> but was:<14>
]]></failure>
    <system-out><![CDATA[2022-08-07 14:52:58.102  INFO 23872 --- [ @coroutine#173] .b.t.c.SpringBootTestContextBootstrapper : Neither @ContextConfiguration nor @ContextHierarchy found for test class [sk.streetofcode.courseplatformbackend.integration.VoteIntegrationTests], using SpringBootContextLoader
2022-08-07 14:52:58.103  INFO 23872 --- [ @coroutine#173] o.s.t.c.support.AbstractContextLoader    : Could not detect default resource locations for test class [sk.streetofcode.courseplatformbackend.integration.VoteIntegrationTests]: no resource found for suffixes {-context.xml, Context.groovy}.
2022-08-07 14:52:58.104  INFO 23872 --- [ @coroutine#173] .b.t.c.SpringBootTestContextBootstrapper : Found @SpringBootConfiguration sk.streetofcode.courseplatformbackend.CoursePlatformBackendApplication for test class sk.streetofcode.courseplatformbackend.integration.VoteIntegrationTests
2022-08-07 14:52:58.105  INFO 23872 --- [ @coroutine#173] .b.t.c.SpringBootTestContextBootstrapper : Loaded default TestExecutionListener class names from location [META-INF/spring.factories]: [org.springframework.boot.test.mock.mockito.MockitoTestExecutionListener, org.springframework.boot.test.mock.mockito.ResetMocksTestExecutionListener, org.springframework.boot.test.autoconfigure.restdocs.RestDocsTestExecutionListener, org.springframework.boot.test.autoconfigure.web.client.MockRestServiceServerResetTestExecutionListener, org.springframework.boot.test.autoconfigure.web.servlet.MockMvcPrintOnlyOnFailureTestExecutionListener, org.springframework.boot.test.autoconfigure.web.servlet.WebDriverTestExecutionListener, org.springframework.boot.test.autoconfigure.webservices.client.MockWebServiceServerTestExecutionListener, org.springframework.test.context.web.ServletTestExecutionListener, org.springframework.test.context.support.DirtiesContextBeforeModesTestExecutionListener, org.springframework.test.context.support.DependencyInjectionTestExecutionListener, org.springframework.test.context.support.DirtiesContextTestExecutionListener, org.springframework.test.context.transaction.TransactionalTestExecutionListener, org.springframework.test.context.jdbc.SqlScriptsTestExecutionListener, org.springframework.test.context.event.EventPublishingTestExecutionListener]
2022-08-07 14:52:58.105  INFO 23872 --- [ @coroutine#173] .b.t.c.SpringBootTestContextBootstrapper : Using TestExecutionListeners: [org.springframework.test.context.web.ServletTestExecutionListener@54e76f3, org.springframework.test.context.support.DirtiesContextBeforeModesTestExecutionListener@3353c20e, org.springframework.boot.test.mock.mockito.MockitoTestExecutionListener@bc129c5, org.springframework.boot.test.autoconfigure.SpringBootDependencyInjectionTestExecutionListener@46186b11, org.springframework.test.context.support.DirtiesContextTestExecutionListener@301774cf, org.springframework.test.context.transaction.TransactionalTestExecutionListener@1d799371, org.springframework.test.context.jdbc.SqlScriptsTestExecutionListener@1f740e1a, org.springframework.test.context.event.EventPublishingTestExecutionListener@1ab1ae06, org.springframework.boot.test.mock.mockito.ResetMocksTestExecutionListener@110b0093, org.springframework.boot.test.autoconfigure.restdocs.RestDocsTestExecutionListener@40b8ebd8, org.springframework.boot.test.autoconfigure.web.client.MockRestServiceServerResetTestExecutionListener@7f03290b, org.springframework.boot.test.autoconfigure.web.servlet.MockMvcPrintOnlyOnFailureTestExecutionListener@68d57973, org.springframework.boot.test.autoconfigure.web.servlet.WebDriverTestExecutionListener@2113e362, org.springframework.boot.test.autoconfigure.webservices.client.MockWebServiceServerTestExecutionListener@26f23ab3]

  .   ____          _            __ _ _
 /\\ / ___'_ __ _ _(_)_ __  __ _ \ \ \ \
( ( )\___ | '_ | '_| | '_ \/ _` | \ \ \ \
 \\/  ___)| |_)| | | | | || (_| |  ) ) ) )
  '  |____| .__|_| |_|_| |_\__, | / / / /
 =========|_|==============|___/=/_/_/_/
 :: Spring Boot ::                (v2.4.0)

2022-08-07 14:52:58.117  INFO 23872 --- [ @coroutine#173] s.s.c.integration.VoteIntegrationTests   : Starting VoteIntegrationTests using Java 11 on DESKTOP-PE0TPSK with PID 23872 (C:\Users\delo\Documents\Street of Code\Projects\course-platform\course-platform-backend\target\test-classes started by delo in C:\Users\delo\Documents\Street of Code\Projects\course-platform\course-platform-backend)
2022-08-07 14:52:58.117  INFO 23872 --- [ @coroutine#173] s.s.c.integration.VoteIntegrationTests   : The following profiles are active: test
2022-08-07 14:52:58.427  INFO 23872 --- [ @coroutine#173] .s.d.r.c.RepositoryConfigurationDelegate : Bootstrapping Spring Data JPA repositories in DEFERRED mode.
2022-08-07 14:52:58.497  INFO 23872 --- [ @coroutine#173] .s.d.r.c.RepositoryConfigurationDelegate : Finished Spring Data repository scanning in 70 ms. Found 16 JPA repository interfaces.
2022-08-07 14:52:58.547  INFO 23872 --- [ @coroutine#173] trationDelegate$BeanPostProcessorChecker : Bean 'org.springframework.security.access.expression.method.DefaultMethodSecurityExpressionHandler@2f30d569' of type [org.springframework.security.oauth2.provider.expression.OAuth2MethodSecurityExpressionHandler] is not eligible for getting processed by all BeanPostProcessors (for example: not eligible for auto-proxying)
2022-08-07 14:52:58.553  INFO 23872 --- [ @coroutine#173] trationDelegate$BeanPostProcessorChecker : Bean 'methodSecurityMetadataSource' of type [org.springframework.security.access.method.DelegatingMethodSecurityMetadataSource] is not eligible for getting processed by all BeanPostProcessors (for example: not eligible for auto-proxying)
2022-08-07 14:52:58.596  INFO 23872 --- [ @coroutine#173] o.s.b.w.embedded.tomcat.TomcatWebServer  : Tomcat initialized with port(s): 0 (http)
2022-08-07 14:52:58.596  INFO 23872 --- [ @coroutine#173] o.apache.catalina.core.StandardService   : Starting service [Tomcat]
2022-08-07 14:52:58.596  INFO 23872 --- [ @coroutine#173] org.apache.catalina.core.StandardEngine  : Starting Servlet engine: [Apache Tomcat/9.0.39]
2022-08-07 14:52:58.617  INFO 23872 --- [ @coroutine#173] o.a.c.c.C.[Tomcat].[localhost].[/]       : Initializing Spring embedded WebApplicationContext
2022-08-07 14:52:58.617  INFO 23872 --- [ @coroutine#173] w.s.c.ServletWebServerApplicationContext : Root WebApplicationContext: initialization completed in 499 ms
2022-08-07 14:52:58.684  INFO 23872 --- [ @coroutine#173] com.zaxxer.hikari.HikariDataSource       : HikariPool-14 - Starting...
2022-08-07 14:52:58.685  INFO 23872 --- [ @coroutine#173] com.zaxxer.hikari.HikariDataSource       : HikariPool-14 - Start completed.
2022-08-07 14:52:58.685  INFO 23872 --- [ @coroutine#173] o.s.b.a.h2.H2ConsoleAutoConfiguration    : H2 console available at '/h2-console'. Database available at 'jdbc:h2:mem:testdb'
2022-08-07 14:52:58.746  INFO 23872 --- [ @coroutine#173] o.s.s.concurrent.ThreadPoolTaskExecutor  : Initializing ExecutorService 'applicationTaskExecutor'
2022-08-07 14:52:58.780  INFO 23872 --- [         task-1] o.hibernate.jpa.internal.util.LogHelper  : HHH000204: Processing PersistenceUnitInfo [name: default]
2022-08-07 14:52:58.786  INFO 23872 --- [         task-1] org.hibernate.dialect.Dialect            : HHH000400: Using dialect: org.hibernate.dialect.H2Dialect
2022-08-07 14:52:58.799  WARN 23872 --- [ @coroutine#173] JpaBaseConfiguration$JpaWebConfiguration : spring.jpa.open-in-view is enabled by default. Therefore, database queries may be performed during view rendering. Explicitly configure spring.jpa.open-in-view to disable this warning
2022-08-07 14:52:58.827  INFO 23872 --- [         task-1] o.h.e.t.j.p.i.JtaPlatformInitiator       : HHH000490: Using JtaPlatform implementation: [org.hibernate.engine.transaction.jta.platform.internal.NoJtaPlatform]
2022-08-07 14:52:58.828  INFO 23872 --- [         task-1] j.LocalContainerEntityManagerFactoryBean : Initialized JPA EntityManagerFactory for persistence unit 'default'
2022-08-07 14:52:59.317  INFO 23872 --- [ @coroutine#173] o.s.s.web.DefaultSecurityFilterChain     : Will secure any request with [org.springframework.security.web.context.request.async.WebAsyncManagerIntegrationFilter@29a0ffe1, org.springframework.security.web.context.SecurityContextPersistenceFilter@658712fa, org.springframework.security.web.header.HeaderWriterFilter@43e6f29, org.springframework.security.web.authentication.logout.LogoutFilter@5de8b240, org.springframework.security.web.authentication.www.BasicAuthenticationFilter@5b7960e1, org.springframework.security.web.savedrequest.RequestCacheAwareFilter@ce15ed2, org.springframework.security.web.servletapi.SecurityContextHolderAwareRequestFilter@7bd12f40, org.springframework.security.web.authentication.AnonymousAuthenticationFilter@2addc39, org.springframework.security.web.session.SessionManagementFilter@67b38789, org.springframework.security.web.access.ExceptionTranslationFilter@623167c7]
2022-08-07 14:52:59.347  INFO 23872 --- [ @coroutine#173] o.s.b.w.embedded.tomcat.TomcatWebServer  : Tomcat started on port(s): 57277 (http) with context path ''
2022-08-07 14:52:59.466  INFO 23872 --- [ @coroutine#173] DeferredRepositoryInitializationListener : Triggering deferred initialization of Spring Data repositories…
2022-08-07 14:52:59.567  INFO 23872 --- [ @coroutine#173] DeferredRepositoryInitializationListener : Spring Data repositories initialized!
2022-08-07 14:52:59.569  INFO 23872 --- [ @coroutine#173] s.s.c.integration.VoteIntegrationTests   : Started VoteIntegrationTests in 1.462 seconds (JVM running for 57.285)
2022-08-07 14:52:59.571  INFO 23872 --- [ @coroutine#173] o.f.c.internal.license.VersionPrinter    : Flyway Community Edition 8.0.0 by Redgate
2022-08-07 14:52:59.571  INFO 23872 --- [ @coroutine#173] o.f.c.i.database.base.BaseDatabaseType   : Database: jdbc:h2:mem:testdb (H2 1.4)
2022-08-07 14:52:59.574  INFO 23872 --- [ @coroutine#173] o.f.core.internal.command.DbValidate     : Successfully validated 2 migrations (execution time 00:00.002s)
2022-08-07 14:52:59.576  INFO 23872 --- [ @coroutine#173] o.f.c.i.s.JdbcTableSchemaHistory         : Creating Schema History table "PUBLIC"."flyway_schema_history" with baseline ...
2022-08-07 14:52:59.578  INFO 23872 --- [ @coroutine#173] o.f.core.internal.command.DbBaseline     : Successfully baselined schema with version: 1
2022-08-07 14:52:59.579  INFO 23872 --- [ @coroutine#173] o.f.core.internal.command.DbMigrate      : Current version of schema "PUBLIC": 1
2022-08-07 14:52:59.581  INFO 23872 --- [ @coroutine#173] o.f.core.internal.command.DbMigrate      : Migrating schema "PUBLIC" to version "2 - vote inserts"
2022-08-07 14:52:59.585  INFO 23872 --- [ @coroutine#173] o.f.core.internal.command.DbMigrate      : Successfully applied 1 migration to schema "PUBLIC", now at version v2 (execution time 00:00.007s)
2022-08-07 14:52:59.602  INFO 23872 --- [-auto-14-exec-1] o.a.c.c.C.[Tomcat].[localhost].[/]       : Initializing Spring DispatcherServlet 'dispatcherServlet'
2022-08-07 14:52:59.602  INFO 23872 --- [-auto-14-exec-1] o.s.web.servlet.DispatcherServlet        : Initializing Servlet 'dispatcherServlet'
2022-08-07 14:52:59.603  INFO 23872 --- [-auto-14-exec-1] o.s.web.servlet.DispatcherServlet        : Completed initialization in 1 ms
]]></system-out>
  </testcase>
  <testcase name="get next course options - authenticated - OK" classname="sk.streetofcode.courseplatformbackend.integration.VoteIntegrationTests" time="0.147">
    <failure message="expected:&lt;7&gt; but was:&lt;14&gt;" type="org.opentest4j.AssertionFailedError"><![CDATA[org.opentest4j.AssertionFailedError: expected:<7> but was:<14>
]]></failure>
  </testcase>
  <testcase name="vote next course scenario" classname="sk.streetofcode.courseplatformbackend.integration.VoteIntegrationTests" time="0.236"/>
</testsuite>